ble/build/app/intermediates/manifest_merge_blame_file/release/manifest-merger-blame-release-report.txt
1<?xml version="1.0" encoding="utf-8"?>
2<manifest xmlns:android="http://schemas.android.com/apk/res/android"
3    package="com.signify.hue.reactivebleexample"
4    android:versionCode="1"
5    android:versionName="5.0.2" >
6
7    <uses-sdk
8        android:minSdkVersion="21"
8-->src/main/AndroidManifest.xml
9        android:targetSdkVersion="31" />
9-->src/main/AndroidManifest.xml
10
11    <uses-permission android:name="android.permission.INTERNET" />
11-->src/main/AndroidManifest.xml:3:5-66
11-->src/main/AndroidManifest.xml:3:22-64
12    <uses-permission android:name="android.permission.ACCESS_FINE_LOCATION" />
12-->src/main/AndroidManifest.xml:4:5-78
12-->src/main/AndroidManifest.xml:4:22-76
13    <!-- required for API 18 - 30 -->
14    <uses-permission
14-->src/main/AndroidManifest.xml:6:5-8:42
15        android:name="android.permission.BLUETOOTH"
15-->src/main/AndroidManifest.xml:7:13-56
16        android:maxSdkVersion="30" />
16-->src/main/AndroidManifest.xml:8:13-39
17    <uses-permission
17-->src/main/AndroidManifest.xml:9:5-11:42
18        android:name="android.permission.BLUETOOTH_ADMIN"
18-->src/main/AndroidManifest.xml:10:13-62
19        android:maxSdkVersion="30" />
19-->src/main/AndroidManifest.xml:11:13-39
20
21    <!-- required for API 23 - 30 -->
22    <uses-permission-sdk-23
22-->src/main/AndroidManifest.xml:14:5-16:42
23        android:name="android.permission.ACCESS_COARSE_LOCATION"
23-->src/main/AndroidManifest.xml:15:13-69
24        android:maxSdkVersion="30" />
24-->src/main/AndroidManifest.xml:16:13-39
25    <uses-permission-sdk-23
25-->src/main/AndroidManifest.xml:17:5-19:42
26        android:name="android.permission.ACCESS_FINE_LOCATION"
26-->src/main/AndroidManifest.xml:18:13-67
27        android:maxSdkVersion="30" />
27-->src/main/AndroidManifest.xml:19:13-39
28
29    <!-- API 31+ -->
30    <uses-permission android:name="android.permission.BLUETOOTH_CONNECT" />
30-->src/main/AndroidManifest.xml:22:5-76
30-->src/main/AndroidManifest.xml:22:22-73
31    <uses-permission
31-->src/main/AndroidManifest.xml:23:5-25:62
32        android:name="android.permission.BLUETOOTH_SCAN"
32-->src/main/AndroidManifest.xml:24:13-61
33        android:usesPermissionFlags="neverForLocation" />
33-->src/main/AndroidManifest.xml:25:13-59
34
35    <meta-data
35-->src/main/AndroidManifest.xml:46:5-48:29
36        android:name="flutterEmbedding"
36-->src/main/AndroidManifest.xml:47:9-40
37        android:value="2" />
37-->src/main/AndroidManifest.xml:48:9-26
38
39    <application
39-->src/main/AndroidManifest.xml:27:5-44:19
40        android:appComponentFactory="androidx.core.app.CoreComponentFactory"
40-->[androidx.core:core:1.6.0] AndroidManifest.xml:24:18-86
41        android:icon="@mipmap/ic_launcher"
41-->src/main/AndroidManifest.xml:29:9-43
42        android:label="BLE" >
42-->src/main/AndroidManifest.xml:28:9-28
43        <activity
43-->src/main/AndroidManifest.xml:30:9-43:20
44            android:name="com.signify.hue.reactivebleexample.MainActivity"
44-->src/main/AndroidManifest.xml:31:13-75
45            android:configChanges="orientation|keyboardHidden|keyboard|screenSize|locale|layoutDirection|fontScale|screenLayout|density"
45-->src/main/AndroidManifest.xml:34:13-137
46            android:exported="true"
46-->src/main/AndroidManifest.xml:37:13-36
47            android:hardwareAccelerated="true"
47-->src/main/AndroidManifest.xml:35:13-47
48            android:launchMode="singleTop"
48-->src/main/AndroidManifest.xml:32:13-43
49            android:theme="@style/LaunchTheme"
49-->src/main/AndroidManifest.xml:33:13-47
50            android:windowSoftInputMode="adjustResize" >
50-->src/main/AndroidManifest.xml:36:13-55
51            <intent-filter>
51-->src/main/AndroidManifest.xml:39:13-42:29
52                <action android:name="android.intent.action.MAIN" />
52-->src/main/AndroidManifest.xml:40:17-68
52-->src/main/AndroidManifest.xml:40:25-66
53
54                <category android:name="android.intent.category.LAUNCHER" />
54-->src/main/AndroidManifest.xml:41:17-76
54-->src/main/AndroidManifest.xml:41:27-74
55            </intent-filter>
56        </activity>
57
58        <uses-library
58-->[androidx.window:window:1.0.0-beta04] AndroidManifest.xml:25:9-27:40
59            android:name="androidx.window.extensions"
59-->[androidx.window:window:1.0.0-beta04] AndroidManifest.xml:26:13-54
60            android:required="false" />
60-->[androidx.window:window:1.0.0-beta04] AndroidManifest.xml:27:13-37
61        <uses-library
61-->[androidx.window:window:1.0.0-beta04] AndroidManifest.xml:28:9-30:40
62            android:name="androidx.window.sidecar"
62-->[androidx.window:window:1.0.0-beta04] AndroidManifest.xml:29:13-51
63            android:required="false" />
63-->[androidx.window:window:1.0.0-beta04] AndroidManifest.xml:30:13-37
64    </application>
65
66</manifest>